cl : Command line warning D9035: option 'Gm' has been deprecated and will be removed in a future release
  WinDevice.cpp
  usb_device_si.cpp
  usb_device_libusb.cpp
  usb_device_handle_win.cpp
  usb_device_handle_si.cpp
  usb_device_handle_libusb.cpp
  usb_device.cpp
  dsi_timer.cpp
  dsi_silabs_library.cpp
  dsi_serial_vcp.cpp
  dsi_serial_si.cpp
  dsi_serial_libusb.cpp
  dsi_serial_generic.cpp
  dsi_serial.cpp
  dsi_libusb_library.cpp
  dsi_framer_integrated_antfs_client.cpp
  dsi_framer_ant.cpp
  dsi_framer.cpp
  dsi_debug.cpp
  dsi_ant_device_polling.cpp
  Generating Code...
  Compiling...
  dsi_cm_library.cpp
  dsi_ant_device.cpp
  antfs_host_channel.cpp
  antfs_host.cpp
  antfs_client_channel.cpp
  Generating Code...
cl : Command line warning D9035: option 'Gm' has been deprecated and will be removed in a future release
  macros.c
  dsi_thread_win32.c
  dsi_convert.c
  crc.c
  checksum.c
  antfs_directory.c
  Generating Code...
ARM\Debug\antfs_client_channel.obj : fatal error LNK1112: module machine type 'x86' conflicts with target machine type 'ARM'
